
2015-04-24 14:48:51 [ERROR] User KB_The_Magnificent failed to login correctly.
2015-04-24 14:50:50 [INFO] User KB_The_Magnificent logged in.
2015-04-24 15:07:18 [ERROR] User KB_The_Magnificent failed to login correctly.
2015-04-24 15:07:33 [INFO] User KB_The_Magnificent logged in.
2015-04-24 18:13:21 [INFO] User KB_The_Magnificent logged in.
2015-04-24 18:16:44 [INFO] User KB_The_Magnificent logged in.
2015-04-24 18:18:11 [INFO] User KB_The_Magnificent logged in.
2015-04-24 18:18:35 [INFO] User KB_The_Magnificent logged in.
2015-04-24 18:20:46 [INFO] User KB_The_Magnificent logged in.
2015-04-24 18:24:26 [INFO] User KB_The_Magnificent logged in.
2015-04-24 18:26:49 [INFO] User KB_The_Magnificent logged in.
2015-04-24 18:44:59 [INFO] User KB_The_Magnificent logged in.
2015-04-24 18:46:31 [INFO] User KB_The_Magnificent logged in.
2015-04-24 18:47:00 [INFO] User KB_The_Magnificent logged in.
2015-04-24 18:47:59 [ERROR] User guest failed to login correctly.
2015-04-24 18:48:42 [INFO] User KB_The_Magnificent logged in.
2015-04-24 18:48:50 [ERROR] User fdfd failed to login correctly.
2015-04-24 18:50:16 [INFO] User KB_The_Magnificent logged in.
2015-04-24 18:50:49 [INFO] User KB_The_Magnificent logged in.
2015-04-24 18:51:21 [INFO] User KB_The_Magnificent logged in.
2015-04-24 18:52:05 [ERROR] User KB_The_Magnificent failed to login correctly.
2015-04-24 18:52:36 [INFO] User KB_The_Magnificent logged in.
2015-04-24 18:53:31 [ERROR] User hehr` failed to login correctly.
2015-04-24 18:54:01 [INFO] User KB_The_Magnificent logged in.
2015-04-24 18:55:08 [ERROR] User test failed to login correctly.
2015-04-24 18:55:49 [ERROR] User test failed to login correctly.
2015-04-24 18:56:16 [INFO] User KB_The_Magnificent logged in.
2015-04-24 19:00:01 [INFO] User KB_The_Magnificent logged in.
2015-04-24 19:06:59 [INFO] User KB_The_Magnificent logged in.
2015-04-24 20:47:02 [INFO] User KB_The_Magnificent logged in.
2015-04-24 20:49:45 [INFO] User KB_The_Magnificent logged in.